[debug] [2023-11-10T10:14:01.488Z] ----------------------------------------------------------------------
[debug] [2023-11-10T10:14:01.498Z] Command:       C:\Program Files\nodejs\node.exe C:\Users\johnp\AppData\Roaming\npm\node_modules\firebase-tools\lib\bin\firebase.js emulators:start --only functions
[debug] [2023-11-10T10:14:01.501Z] CLI Version:   11.23.1
[debug] [2023-11-10T10:14:01.502Z] Platform:      win32
[debug] [2023-11-10T10:14:01.503Z] Node Version:  v18.12.1
[debug] [2023-11-10T10:14:01.506Z] Time:          Fri Nov 10 2023 18:14:01 GMT+0800 (Singapore Standard Time)
[debug] [2023-11-10T10:14:01.507Z] ----------------------------------------------------------------------
[debug] 
[debug] [2023-11-10T10:14:02.071Z] > command requires scopes: ["email","openid","https://www.googleapis.com/auth/cloudplatformprojects.readonly","https://www.googleapis.com/auth/firebase","https://www.googleapis.com/auth/cloud-platform"]
[debug] [2023-11-10T10:14:02.072Z] > authorizing via signed-in user (commissionasset@gmail.com)
[info] i  emulators: Starting emulators: functions {"metadata":{"emulator":{"name":"hub"},"message":"Starting emulators: functions"}}
[debug] [2023-11-10T10:14:02.122Z] [logging] Logging Emulator only supports listening on one address (127.0.0.1). Not listening on ::1
[debug] [2023-11-10T10:14:02.123Z] assigned listening specs for emulators {"user":{"hub":[{"address":"127.0.0.1","family":"IPv4","port":4400},{"address":"::1","family":"IPv6","port":4400}],"ui":[{"address":"127.0.0.1","family":"IPv4","port":4000},{"address":"::1","family":"IPv6","port":4000}],"logging":[{"address":"127.0.0.1","family":"IPv4","port":4500}]},"metadata":{"message":"assigned listening specs for emulators"}}
[debug] [2023-11-10T10:14:02.174Z] [hub] writing locator at C:\Users\johnp\AppData\Local\Temp\hub-clinpointserver.json
[debug] [2023-11-10T10:14:02.319Z] [functions] Functions Emulator only supports listening on one address (127.0.0.1). Not listening on ::1
[debug] [2023-11-10T10:14:02.320Z] [eventarc] Eventarc Emulator only supports listening on one address (127.0.0.1). Not listening on ::1
[debug] [2023-11-10T10:14:02.321Z] late-assigned ports for functions and eventarc emulators {"user":{"hub":[{"address":"127.0.0.1","family":"IPv4","port":4400},{"address":"::1","family":"IPv6","port":4400}],"ui":[{"address":"127.0.0.1","family":"IPv4","port":4000},{"address":"::1","family":"IPv6","port":4000}],"logging":[{"address":"127.0.0.1","family":"IPv4","port":4500}],"functions":[{"address":"127.0.0.1","family":"IPv4","port":5001}],"eventarc":[{"address":"127.0.0.1","family":"IPv4","port":9299}]},"metadata":{"message":"late-assigned ports for functions and eventarc emulators"}}
[warn] !  functions: The following emulators are not running, calls to these services from the Functions emulator will affect production: auth, firestore, database, hosting, pubsub, storage {"metadata":{"emulator":{"name":"functions"},"message":"The following emulators are not running, calls to these services from the Functions emulator will affect production: \u001b[1mauth, firestore, database, hosting, pubsub, storage\u001b[22m"}}
[debug] [2023-11-10T10:14:02.389Z] defaultcredentials: writing to file C:\Users\johnp\AppData\Roaming\firebase\commissionasset_gmail_com_application_default_credentials.json
[debug] [2023-11-10T10:14:02.506Z] Setting GAC to C:\Users\johnp\AppData\Roaming\firebase\commissionasset_gmail_com_application_default_credentials.json {"metadata":{"emulator":{"name":"functions"},"message":"Setting GAC to C:\\Users\\johnp\\AppData\\Roaming\\firebase\\commissionasset_gmail_com_application_default_credentials.json"}}
[debug] [2023-11-10T10:14:02.520Z] >>> [apiv2][query] GET https://firebase.googleapis.com/v1beta1/projects/clinpointserver/adminSdkConfig [none]
[debug] [2023-11-10T10:14:03.335Z] <<< [apiv2][status] GET https://firebase.googleapis.com/v1beta1/projects/clinpointserver/adminSdkConfig 200
[debug] [2023-11-10T10:14:03.337Z] <<< [apiv2][body] GET https://firebase.googleapis.com/v1beta1/projects/clinpointserver/adminSdkConfig {"projectId":"clinpointserver","storageBucket":"clinpointserver.appspot.com"}
[debug] [2023-11-10T10:14:04.156Z] Ignoring unsupported arg: auto_download {"metadata":{"emulator":{"name":"ui"},"message":"Ignoring unsupported arg: auto_download"}}
[debug] [2023-11-10T10:14:04.157Z] Ignoring unsupported arg: port {"metadata":{"emulator":{"name":"ui"},"message":"Ignoring unsupported arg: port"}}
[debug] [2023-11-10T10:14:04.158Z] Starting Emulator UI with command {"binary":"node","args":["C:\\Users\\johnp\\.cache\\firebase\\emulators\\ui-v1.11.4\\server\\server.js"],"optionalArgs":[],"joinArgs":false} {"metadata":{"emulator":{"name":"ui"},"message":"Starting Emulator UI with command {\"binary\":\"node\",\"args\":[\"C:\\\\Users\\\\johnp\\\\.cache\\\\firebase\\\\emulators\\\\ui-v1.11.4\\\\server\\\\server.js\"],\"optionalArgs\":[],\"joinArgs\":false}"}}
[info] i  ui: Emulator UI logging to ui-debug.log {"metadata":{"emulator":{"name":"ui"},"message":"Emulator UI logging to \u001b[1mui-debug.log\u001b[22m"}}
[debug] [2023-11-10T10:14:05.285Z] Web / API server started at 127.0.0.1:4000
 {"metadata":{"emulator":{"name":"ui"},"message":"Web / API server started at 127.0.0.1:4000\n"}}
[debug] [2023-11-10T10:14:05.287Z] Web / API server started at ::1:4000
 {"metadata":{"emulator":{"name":"ui"},"message":"Web / API server started at ::1:4000\n"}}
[info] i  functions: Watching "C:\Users\johnp\Documents\GitHub\ClinPointV2\ClinPoint\functions" for Cloud Functions... {"metadata":{"emulator":{"name":"functions"},"message":"Watching \"C:\\Users\\johnp\\Documents\\GitHub\\ClinPointV2\\ClinPoint\\functions\" for Cloud Functions..."}}
[debug] [2023-11-10T10:14:05.405Z] Validating nodejs source
[debug] [2023-11-10T10:14:14.858Z] > [functions] package.json contents: {
  "name": "functions",
  "description": "Cloud Functions for Firebase",
  "scripts": {
    "serve": "firebase emulators:start --only functions",
    "shell": "firebase functions:shell",
    "start": "npm run shell",
    "deploy": "firebase deploy --only functions",
    "logs": "firebase functions:log"
  },
  "engines": {
    "node": "16"
  },
  "main": "index.js",
  "dependencies": {
    "firebase-admin": "^11.5.0",
    "firebase-functions": "^4.2.0"
  },
  "devDependencies": {
    "firebase-functions-test": "^3.0.0"
  },
  "private": true
}
[debug] [2023-11-10T10:14:14.862Z] Building nodejs source
[debug] [2023-11-10T10:14:14.865Z] Failed to find version of module node: reached end of search path C:\Users\johnp\Documents\GitHub\ClinPointV2\ClinPoint\functions\node_modules
[warn] !  functions: Your requested "node" version "16" doesn't match your global version "18". Using node@18 from host. 
[debug] [2023-11-10T10:14:14.884Z] Could not find functions.yaml. Must use http discovery
[debug] [2023-11-10T10:14:14.954Z] Found firebase-functions binary at 'C:\Users\johnp\Documents\GitHub\ClinPointV2\ClinPoint\functions\node_modules\.bin\firebase-functions'
[debug] [2023-11-10T10:14:20.217Z] Serving at port 8812

[debug] [2023-11-10T10:14:30.385Z] Server is running on http://localhost:3000

[debug] [2023-11-10T10:14:30.405Z] Got response from /__/functions.yaml {"endpoints":{"app":{"platform":"gcfv1","availableMemoryMb":null,"timeoutSeconds":null,"minInstances":null,"maxInstances":null,"ingressSettings":null,"serviceAccountEmail":null,"vpc":null,"httpsTrigger":{},"entryPoint":"app"}},"specVersion":"v1alpha1","requiredAPIs":[]}
[info] +  functions: Loaded functions definitions from source: app. {"metadata":{"emulator":{"name":"functions"},"message":"Loaded functions definitions from source: app."}}
[info] +  functions[us-central1-app]: http function initialized (http://127.0.0.1:5001/clinpointserver/us-central1/app). {"metadata":{"emulator":{"name":"functions"},"message":"\u001b[1mhttp\u001b[22m function initialized (http://127.0.0.1:5001/clinpointserver/us-central1/app)."}}
[info] 
┌─────────────────────────────────────────────────────────────┐
│ ✔  All emulators ready! It is now safe to connect your app. │
│ i  View Emulator UI at http://127.0.0.1:4000/               │
└─────────────────────────────────────────────────────────────┘

┌───────────┬────────────────┬─────────────────────────────────┐
│ Emulator  │ Host:Port      │ View in Emulator UI             │
├───────────┼────────────────┼─────────────────────────────────┤
│ Functions │ 127.0.0.1:5001 │ http://127.0.0.1:4000/functions │
└───────────┴────────────────┴─────────────────────────────────┘
  Emulator Hub running at 127.0.0.1:4400
  Other reserved ports: 4500

Issues? Report them at https://github.com/firebase/firebase-tools/issues and attach the *-debug.log files.
 
[debug] [2023-11-10T10:14:51.346Z] Functions emulator received unknown request at path /uploads
[debug] [2023-11-10T10:14:51.684Z] Functions emulator received unknown request at path /favicon.ico
[debug] [2023-11-10T10:14:56.561Z] Functions emulator received unknown request at path /testAPI
[debug] [2023-11-10T10:15:29.711Z] Functions emulator received unknown request at path /testAPI
[debug] [2023-11-10T10:15:30.013Z] Functions emulator received unknown request at path /favicon.ico
[debug] [2023-11-14T01:02:42.884Z] Received signal SIGINT (Ctrl-C) 1
[info]  
[info] i  emulators: Received SIGINT (Ctrl-C) for the first time. Starting a clean shutdown. 
[info] i  emulators: Please wait for a clean shutdown or send the SIGINT (Ctrl-C) signal again to stop right now. 
[info] i  emulators: Shutting down emulators. {"metadata":{"emulator":{"name":"hub"},"message":"Shutting down emulators."}}
[info] i  ui: Stopping Emulator UI {"metadata":{"emulator":{"name":"ui"},"message":"Stopping Emulator UI"}}
[debug] [2023-11-14T01:02:53.564Z] Received signal SIGINT (Ctrl-C) 2
[info]  
[debug] [2023-11-14T01:02:53.567Z] Skipping clean onExit() and cleanShutdown()
[warn] !  emulators: Received SIGINT (Ctrl-C) 2 times. You have forced the Emulator Suite to exit without waiting for 1 subprocess to finish. These processes may still be running on your machine:  
[info] 
┌─────────────┬────────────────┬───────┐
│ Emulator    │ Host:Port      │ PID   │
├─────────────┼────────────────┼───────┤
│ Emulator UI │ 127.0.0.1:4000 │ 21224 │
└─────────────┴────────────────┴───────┘

To force them to exit run:

[info] TASKKILL /PID 21224 /T

[debug] [2023-11-14T01:03:06.979Z] Emulator UI: Unable to terminate process (PID=21224) {"metadata":{"emulator":{"name":"ui"},"message":"Emulator UI: Unable to terminate process (PID=21224)"}}
[warn] !  ui: Error stopping Emulator UI {"metadata":{"emulator":{"name":"ui"},"message":"Error stopping Emulator UI"}}
[info] i  functions: Stopping Functions Emulator {"metadata":{"emulator":{"name":"functions"},"message":"Stopping Functions Emulator"}}
[info] i  eventarc: Stopping Eventarc Emulator {"metadata":{"emulator":{"name":"eventarc"},"message":"Stopping Eventarc Emulator"}}
[info] i  hub: Stopping emulator hub {"metadata":{"emulator":{"name":"hub"},"message":"Stopping emulator hub"}}
[warn] !  Emulator UI has exited upon receiving signal: SIGINT 
[debug] [2023-11-14T01:03:07.768Z] Received signal SIGINT (Ctrl-C) 3
[info]  
[debug] [2023-11-14T01:03:07.781Z] Skipping clean onExit() and cleanShutdown()
[warn] !  emulators: Received SIGINT (Ctrl-C) 3 times. You have forced the Emulator Suite to exit without waiting for 1 subprocess to finish. These processes may still be running on your machine:  
[info] 
┌─────────────┬────────────────┬───────┐
│ Emulator    │ Host:Port      │ PID   │
├─────────────┼────────────────┼───────┤
│ Emulator UI │ 127.0.0.1:4000 │ 21224 │
└─────────────┴────────────────┴───────┘

To force them to exit run:

[info] TASKKILL /PID 21224 /T

[info] i  logging: Stopping Logging Emulator {"metadata":{"emulator":{"name":"logging"},"message":"Stopping Logging Emulator"}}
[debug] [2023-11-14T01:03:12.360Z] Error: Timed out.
    at Timeout.<anonymous> (C:\Users\johnp\AppData\Roaming\npm\node_modules\firebase-tools\lib\utils.js:253:49)
    at listOnTimeout (node:internal/timers:564:17)
    at process.processTimers (node:internal/timers:507:7)
[error] 
[error] Error: An unexpected error has occurred.
[debug] [2023-11-14T01:13:04.003Z] ----------------------------------------------------------------------
[debug] [2023-11-14T01:13:04.030Z] Command:       C:\Program Files\nodejs\node.exe C:\Users\johnp\AppData\Roaming\npm\node_modules\firebase-tools\lib\bin\firebase.js emulators:start --only functions
[debug] [2023-11-14T01:13:04.033Z] CLI Version:   11.23.1
[debug] [2023-11-14T01:13:04.035Z] Platform:      win32
[debug] [2023-11-14T01:13:04.036Z] Node Version:  v18.12.1
[debug] [2023-11-14T01:13:04.047Z] Time:          Tue Nov 14 2023 09:13:04 GMT+0800 (Singapore Standard Time)
[debug] [2023-11-14T01:13:04.048Z] ----------------------------------------------------------------------
[debug] 
[debug] [2023-11-14T01:13:04.134Z] >>> [apiv2][query] GET https://firebase-public.firebaseio.com/cli.json [none]
[debug] [2023-11-14T01:13:08.582Z] > command requires scopes: ["email","openid","https://www.googleapis.com/auth/cloudplatformprojects.readonly","https://www.googleapis.com/auth/firebase","https://www.googleapis.com/auth/cloud-platform"]
[debug] [2023-11-14T01:13:08.582Z] > authorizing via signed-in user (commissionasset@gmail.com)
[info] i  emulators: Starting emulators: functions {"metadata":{"emulator":{"name":"hub"},"message":"Starting emulators: functions"}}
[debug] [2023-11-14T01:13:08.619Z] [logging] Logging Emulator only supports listening on one address (127.0.0.1). Not listening on ::1
[debug] [2023-11-14T01:13:08.620Z] assigned listening specs for emulators {"user":{"hub":[{"address":"127.0.0.1","family":"IPv4","port":4400},{"address":"::1","family":"IPv6","port":4400}],"ui":[{"address":"127.0.0.1","family":"IPv4","port":4000},{"address":"::1","family":"IPv6","port":4000}],"logging":[{"address":"127.0.0.1","family":"IPv4","port":4500}]},"metadata":{"message":"assigned listening specs for emulators"}}
[debug] [2023-11-14T01:13:08.650Z] [hub] writing locator at C:\Users\johnp\AppData\Local\Temp\hub-clinpointserver.json
[debug] [2023-11-14T01:13:08.750Z] [functions] Functions Emulator only supports listening on one address (127.0.0.1). Not listening on ::1
[debug] [2023-11-14T01:13:08.751Z] [eventarc] Eventarc Emulator only supports listening on one address (127.0.0.1). Not listening on ::1
[debug] [2023-11-14T01:13:08.752Z] late-assigned ports for functions and eventarc emulators {"user":{"hub":[{"address":"127.0.0.1","family":"IPv4","port":4400},{"address":"::1","family":"IPv6","port":4400}],"ui":[{"address":"127.0.0.1","family":"IPv4","port":4000},{"address":"::1","family":"IPv6","port":4000}],"logging":[{"address":"127.0.0.1","family":"IPv4","port":4500}],"functions":[{"address":"127.0.0.1","family":"IPv4","port":5001}],"eventarc":[{"address":"127.0.0.1","family":"IPv4","port":9299}]},"metadata":{"message":"late-assigned ports for functions and eventarc emulators"}}
[warn] !  functions: The following emulators are not running, calls to these services from the Functions emulator will affect production: auth, firestore, database, hosting, pubsub, storage {"metadata":{"emulator":{"name":"functions"},"message":"The following emulators are not running, calls to these services from the Functions emulator will affect production: \u001b[1mauth, firestore, database, hosting, pubsub, storage\u001b[22m"}}
[debug] [2023-11-14T01:13:08.865Z] defaultcredentials: writing to file C:\Users\johnp\AppData\Roaming\firebase\commissionasset_gmail_com_application_default_credentials.json
[debug] [2023-11-14T01:13:11.018Z] Setting GAC to C:\Users\johnp\AppData\Roaming\firebase\commissionasset_gmail_com_application_default_credentials.json {"metadata":{"emulator":{"name":"functions"},"message":"Setting GAC to C:\\Users\\johnp\\AppData\\Roaming\\firebase\\commissionasset_gmail_com_application_default_credentials.json"}}
[debug] [2023-11-14T01:13:11.051Z] > refreshing access token with scopes: []
[debug] [2023-11-14T01:13:11.065Z] >>> [apiv2][query] POST https://www.googleapis.com/oauth2/v3/token [none]
[debug] [2023-11-14T01:13:11.067Z] >>> [apiv2][body] POST https://www.googleapis.com/oauth2/v3/token [omitted]
[debug] [2023-11-14T01:13:11.208Z] <<< [apiv2][status] GET https://firebase-public.firebaseio.com/cli.json 200
[debug] [2023-11-14T01:13:11.212Z] <<< [apiv2][body] GET https://firebase-public.firebaseio.com/cli.json {"cloudBuildErrorAfter":1594252800000,"cloudBuildWarnAfter":1590019200000,"defaultNode10After":1594252800000,"minVersion":"3.0.5","node8DeploysDisabledAfter":1613390400000,"node8RuntimeDisabledAfter":1615809600000,"node8WarnAfter":1600128000000}
[debug] [2023-11-14T01:13:12.217Z] <<< [apiv2][status] POST https://www.googleapis.com/oauth2/v3/token 200
[debug] [2023-11-14T01:13:12.218Z] <<< [apiv2][body] POST https://www.googleapis.com/oauth2/v3/token [omitted]
[debug] [2023-11-14T01:13:12.398Z] >>> [apiv2][query] GET https://firebase.googleapis.com/v1beta1/projects/clinpointserver/adminSdkConfig [none]
[debug] [2023-11-14T01:13:13.247Z] <<< [apiv2][status] GET https://firebase.googleapis.com/v1beta1/projects/clinpointserver/adminSdkConfig 200
[debug] [2023-11-14T01:13:13.248Z] <<< [apiv2][body] GET https://firebase.googleapis.com/v1beta1/projects/clinpointserver/adminSdkConfig {"projectId":"clinpointserver","storageBucket":"clinpointserver.appspot.com"}
[debug] [2023-11-14T01:13:14.181Z] Ignoring unsupported arg: auto_download {"metadata":{"emulator":{"name":"ui"},"message":"Ignoring unsupported arg: auto_download"}}
[debug] [2023-11-14T01:13:14.182Z] Ignoring unsupported arg: port {"metadata":{"emulator":{"name":"ui"},"message":"Ignoring unsupported arg: port"}}
[debug] [2023-11-14T01:13:14.182Z] Starting Emulator UI with command {"binary":"node","args":["C:\\Users\\johnp\\.cache\\firebase\\emulators\\ui-v1.11.4\\server\\server.js"],"optionalArgs":[],"joinArgs":false} {"metadata":{"emulator":{"name":"ui"},"message":"Starting Emulator UI with command {\"binary\":\"node\",\"args\":[\"C:\\\\Users\\\\johnp\\\\.cache\\\\firebase\\\\emulators\\\\ui-v1.11.4\\\\server\\\\server.js\"],\"optionalArgs\":[],\"joinArgs\":false}"}}
[info] i  ui: Emulator UI logging to ui-debug.log {"metadata":{"emulator":{"name":"ui"},"message":"Emulator UI logging to \u001b[1mui-debug.log\u001b[22m"}}
[debug] [2023-11-14T01:13:15.719Z] Web / API server started at 127.0.0.1:4000
 {"metadata":{"emulator":{"name":"ui"},"message":"Web / API server started at 127.0.0.1:4000\n"}}
[debug] [2023-11-14T01:13:15.720Z] Web / API server started at ::1:4000
 {"metadata":{"emulator":{"name":"ui"},"message":"Web / API server started at ::1:4000\n"}}
[info] i  functions: Watching "C:\Users\johnp\Documents\GitHub\ClinPointV2\ClinPoint\functions" for Cloud Functions... {"metadata":{"emulator":{"name":"functions"},"message":"Watching \"C:\\Users\\johnp\\Documents\\GitHub\\ClinPointV2\\ClinPoint\\functions\" for Cloud Functions..."}}
[debug] [2023-11-14T01:13:15.851Z] Validating nodejs source
[debug] [2023-11-14T01:13:26.784Z] checkFunctionsSDKVersion was unable to fetch information from NPM Error: spawnSync C:\WINDOWS\system32\cmd.exe ETIMEDOUT
    at Object.spawnSync (node:internal/child_process:1110:20)
    at Object.spawnSync (node:child_process:857:24)
    at Function.spawnSync [as sync] (C:\Users\johnp\AppData\Roaming\npm\node_modules\firebase-tools\node_modules\cross-spawn\index.js:26:23)
    at Object.getLatestSDKVersion (C:\Users\johnp\AppData\Roaming\npm\node_modules\firebase-tools\lib\deploy\functions\runtimes\node\versioning.js:55:25)
    at Object.checkFunctionsSDKVersion (C:\Users\johnp\AppData\Roaming\npm\node_modules\firebase-tools\lib\deploy\functions\runtimes\node\versioning.js:76:32)
    at Delegate.validate (C:\Users\johnp\AppData\Roaming\npm\node_modules\firebase-tools\lib\deploy\functions\runtimes\node\index.js:84:20)
    at FunctionsEmulator.discoverTriggers (C:\Users\johnp\AppData\Roaming\npm\node_modules\firebase-tools\lib\emulator\functionsEmulator.js:291:35)
    at async FunctionsEmulator.loadTriggers (C:\Users\johnp\AppData\Roaming\npm\node_modules\firebase-tools\lib\emulator\functionsEmulator.js:320:34)
    at async FunctionsEmulator.connect (C:\Users\johnp\AppData\Roaming\npm\node_modules\firebase-tools\lib\emulator\functionsEmulator.js:257:13)
    at async Object.startAll (C:\Users\johnp\AppData\Roaming\npm\node_modules\firebase-tools\lib\emulator\controller.js:547:13)
    at async C:\Users\johnp\AppData\Roaming\npm\node_modules\firebase-tools\lib\commands\emulators-start.js:32:43
[debug] [2023-11-14T01:13:26.789Z] > [functions] package.json contents: {
  "name": "functions",
  "description": "Cloud Functions for Firebase",
  "scripts": {
    "serve": "firebase emulators:start --only functions",
    "shell": "firebase functions:shell",
    "start": "npm run shell",
    "deploy": "firebase deploy --only functions",
    "logs": "firebase functions:log"
  },
  "engines": {
    "node": "16"
  },
  "main": "index.js",
  "dependencies": {
    "firebase-admin": "^11.5.0",
    "firebase-functions": "^4.2.0"
  },
  "devDependencies": {
    "firebase-functions-test": "^3.0.0"
  },
  "private": true
}
[debug] [2023-11-14T01:13:26.790Z] Building nodejs source
[debug] [2023-11-14T01:13:26.793Z] Failed to find version of module node: reached end of search path C:\Users\johnp\Documents\GitHub\ClinPointV2\ClinPoint\functions\node_modules
[warn] !  functions: Your requested "node" version "16" doesn't match your global version "18". Using node@18 from host. 
[debug] [2023-11-14T01:13:26.838Z] Could not find functions.yaml. Must use http discovery
[debug] [2023-11-14T01:13:27.166Z] Found firebase-functions binary at 'C:\Users\johnp\Documents\GitHub\ClinPointV2\ClinPoint\functions\node_modules\.bin\firebase-functions'
[debug] [2023-11-14T01:13:45.456Z] Serving at port 8370

[debug] [2023-11-14T01:14:03.868Z] Server is running on http://localhost:3000

[error] !!  functions: Failed to load function definition from source: FirebaseError: User code failed to load. Cannot determine backend specification {"metadata":{"emulator":{"name":"functions"},"message":"Failed to load function definition from source: FirebaseError: User code failed to load. Cannot determine backend specification"}}
[info] 
┌─────────────────────────────────────────────────────────────┐
│ ✔  All emulators ready! It is now safe to connect your app. │
│ i  View Emulator UI at http://127.0.0.1:4000/               │
└─────────────────────────────────────────────────────────────┘

┌───────────┬────────────────┬─────────────────────────────────┐
│ Emulator  │ Host:Port      │ View in Emulator UI             │
├───────────┼────────────────┼─────────────────────────────────┤
│ Functions │ 127.0.0.1:5001 │ http://127.0.0.1:4000/functions │
└───────────┴────────────────┴─────────────────────────────────┘
  Emulator Hub running at 127.0.0.1:4400
  Other reserved ports: 4500

Issues? Report them at https://github.com/firebase/firebase-tools/issues and attach the *-debug.log files.
 
